forum.citicsinfo.com          
info.citicsinfo.com           
maven.citicsinfo.com          
mail.citicsinfo.com           
library.citicsinfo.com        
archive.citicsinfo.com        
mobile.citicsinfo.com         
mobile.bjsdns.citicsinfo.com  
pass.citicsinfo.com           
pass.bjsdns.citicsinfo.com    
helpdesk.citicsinfo.com       
research.citicsinfo.com       
research.bjsdns.citicsinfo.com
ldap.citicsinfo.com           
project.citicsinfo.com        
remote.citicsinfo.com         
remote.bjsdns.citicsinfo.com  
post.citicsinfo.com           
citrix.citicsinfo.com         
www2.citicsinfo.com           
brisk.citicsinfo.com          
cats.citicsinfo.com           
ccms.citicsinfo.com           
ccrs.citicsinfo.com           
channel.citicsinfo.com        
channel.bjsdns.citicsinfo.com 
clear.citicsinfo.com          
history.citicsinfo.com        
history.bjsdns.citicsinfo.com 
iras.citicsinfo.com           
kong.citicsinfo.com           
smtp.citicsinfo.com           
imss.citicsinfo.com           
www6.citicsinfo.com           
jira.citicsinfo.com           
weixin.citicsinfo.com         
redmine.citicsinfo.com        
piwik.citicsinfo.com          
piwik.bjsdns.citicsinfo.com   
1234.citicsinfo.com           
bf.citicsinfo.com             
bw.citicsinfo.com             
bw.bjsdns.citicsinfo.com      
weixin.bjalteon.citicsinfo.com
ds.citicsinfo.com             
em.citicsinfo.com             
ff.citicsinfo.com             
ib.citicsinfo.com             
hr.citicsinfo.com             
ir.citicsinfo.com             
kh.citicsinfo.com             
kk.citicsinfo.com             
km.citicsinfo.com             
lc.citicsinfo.com             
mp.citicsinfo.com             
pb.citicsinfo.com             
qy.citicsinfo.com             
rp.citicsinfo.com             
qy.bjsdns.citicsinfo.com      
st.citicsinfo.com             
vp.citicsinfo.com             
w3.citicsinfo.com             
168.citicsinfo.com            
ap8.citicsinfo.com            
bia.citicsinfo.com            
bmm.citicsinfo.com            
bms.citicsinfo.com            
bms.bjsdns.citicsinfo.com     
bpm.citicsinfo.com            
cgt.citicsinfo.com            
cms.citicsinfo.com            
crm.citicsinfo.com            
dns.citicsinfo.com            
edm.citicsinfo.com            
ehr.citicsinfo.com            
esb.citicsinfo.com            
fcm.citicsinfo.com            
fxq.citicsinfo.com            
ioa.citicsinfo.com            
ir2.citicsinfo.com            
kk6.citicsinfo.com            
kvm.citicsinfo.com            
law.citicsinfo.com            
log.citicsinfo.com            
mkh.citicsinfo.com            
mkh.bjsdns.citicsinfo.com     
mot.citicsinfo.com            
ncm.citicsinfo.com            
ntp.citicsinfo.com            
otc.citicsinfo.com            
pan.citicsinfo.com            
pif.citicsinfo.com            
rcp.citicsinfo.com            
rp2.citicsinfo.com            
tim.citicsinfo.com            
vsp.citicsinfo.com            
vsp.bjsdns.citicsinfo.com     
w3a.citicsinfo.com            
w3b.citicsinfo.com            
wms.citicsinfo.com            
www.citicsinfo.com            
vbp.citicsinfo.com            
